ERROR - Cannot find I2P installation in /home/bailey/git/vituperative/i2pplus - Will probably be just a router with no apps or console at all!
WARNING: Resource name [libjcpuid-x86_64-linux.so] not found
WARNING: Resource name [libjcpuid-x86-linux.so] not found
WARNING: Native CPUID library jcpuid not loaded - will not be able to read CPU information using CPUID
INFO: Resource name [libjbigi-linux-none_64.so] was not found
INFO: Resource name [libjbigi-linux-none.so] was not found
WARNING: Native BigInteger library jbigi not loaded - using pure Java - poor performance may result - see http://i2p-projekt.i2p/jbigi for help
Warning - No client apps or router console configured - we are just a router
Starting Reseed process...
Reseeding from https://reseed.onion.im/i2pseeds.su3?netid=2
Acquired 61 router infos from reseed.onion.im
Reseeding from https://reseed.i2pgit.org/i2pseeds.su3?netid=2
Reseeding from https://coconut.incognet.io/i2pseeds.su3?netid=2
Reseeding from https://reseed.sahil.world/i2pseeds.su3?netid=2
Acquired 75 router infos from reseed.sahil.world
Reseeding from https://reseed.diva.exchange/i2pseeds.su3?netid=2
Reseeding from https://reseed-pl.i2pd.xyz/i2pseeds.su3?netid=2
Acquired 75 router infos from reseed-pl.i2pd.xyz
Reseeding from https://reseed.stormycloud.org/i2pseeds.su3?netid=2
2026/05/31 13:09:45.200 | CRIT [... 1 shutdown] ...2p.router.Router: Shutting down the router...
2026/05/31 13:09:45.200 | CRIT [... 1 shutdown] ...2p.router.Router: Initiating hard shutdown...
2026/05/31 13:09:45.303 | CRIT [... 1 shutdown] ...2p.router.Router: Completed hard shutdown
